<?xml version="1.0" encoding="UTF-8"?>
<!-- Generated by org.testng.reporters.JUnitXMLReporter -->
<testsuite ignored="0" hostname="sujit" failures="0" tests="4" name="Test" time="8.296" errors="0" timestamp="2023-05-03T14:07:34 IST">
  <testcase classname="api.test.UserTests" name="testPostUser" time="2.7"/>
  <testcase classname="api.test.UserTests" name="testGetUserByNmae" time="1.177"/>
  <testcase classname="api.test.UserTests" name="testUpdateUserByName" time="2.322"/>
  <testcase classname="api.test.UserTests" name="testDeleteUserByName" time="1.14"/>
</testsuite> <!-- Test -->
