<?xml version="1.0" encoding="UTF-8"?>
<!-- Generated by org.testng.reporters.JUnitXMLReporter -->
<testsuite ignored="0" hostname="sujit" failures="0" tests="4" name="Test" time="10.032" errors="0" timestamp="2023-05-28T13:17:48 IST">
  <testcase classname="api.test.UserTests" name="testPostUser" time="3.285"/>
  <testcase classname="api.test.UserTests" name="testGetUserByNmae" time="1.426"/>
  <testcase classname="api.test.UserTests" name="testUpdateUserByName" time="2.806"/>
  <testcase classname="api.test.UserTests" name="testDeleteUserByName" time="1.46"/>
</testsuite> <!-- Test -->
