<?xml version="1.0" encoding="UTF-8"?>
<!-- Generated by org.testng.reporters.JUnitXMLReporter -->
<testsuite ignored="0" hostname="sujit" failures="0" tests="4" name="Test" time="9.592" errors="0" timestamp="2023-05-04T10:51:25 IST">
  <testcase classname="api.test.UserTests" name="testPostUser" time="3.611"/>
  <testcase classname="api.test.UserTests" name="testGetUserByNmae" time="1.183"/>
  <testcase classname="api.test.UserTests" name="testUpdateUserByName" time="2.309"/>
  <testcase classname="api.test.UserTests" name="testDeleteUserByName" time="1.134"/>
</testsuite> <!-- Test -->
