<?xml version="1.0" encoding="UTF-8"?>
<testsuite xmlns:xsi="http://www.w3.org/2001/XMLSchema-instance" xsi:noNamespaceSchemaLocation="https://maven.apache.org/surefire/maven-surefire-plugin/xsd/surefire-test-report-3.0.xsd" version="3.0" name="TestSuite" time="10.463" tests="4" errors="0" skipped="0" failures="0">
  <properties>
[...]
</properties>
  <testcase name="testPostUser" classname="api.test.UserTests" time="3.04">
    <system-out><![CDATA[[INFO ] 2023-05-28 13:18:37.377 [main] PetStoreAutomation - **************Creating user***********
HTTP/1.1 200 OK
Date: Sun, 28 May 2023 07:48:40 GMT
Content-Type: application/json
Transfer-Encoding: chunked
Connection: keep-alive
Access-Control-Allow-Origin: *
Access-Control-Allow-Methods: GET, POST, DELETE, PUT
Access-Control-Allow-Headers: Content-Type, api_key, Authorization
Server: Jetty(9.2.9.v20150224)

{
    "code": 200,
    "type": "unknown",
    "message": "854733477"
}
[INFO ] 2023-05-28 13:18:40.408 [main] PetStoreAutomation - **************User created ***********
]]></system-out>
    <system-err><![CDATA[SLF4J: Failed to load class "org.slf4j.impl.StaticLoggerBinder".
SLF4J: Defaulting to no-operation (NOP) logger implementation
SLF4J: See http://www.slf4j.org/codes.html#StaticLoggerBinder for further details.
]]></system-err>
  </testcase>
  <testcase name="testGetUserByNmae" classname="api.test.UserTests" time="1.475">
    <system-out><![CDATA[[INFO ] 2023-05-28 13:18:40.414 [main] PetStoreAutomation - Reading user information
HTTP/1.1 200 OK
Date: Sun, 28 May 2023 07:48:41 GMT
Content-Type: application/json
Transfer-Encoding: chunked
Connection: keep-alive
Access-Control-Allow-Origin: *
Access-Control-Allow-Methods: GET, POST, DELETE, PUT
Access-Control-Allow-Headers: Content-Type, api_key, Authorization
Server: Jetty(9.2.9.v20150224)

{
    "id": 854733477,
    "username": "cristobal.effertz",
    "firstName": "Elisha",
    "lastName": "Weissnat",
    "email": "merle.runolfsson@example.com",
    "password": "lx59fb",
    "phone": "166-947-9598",
    "userStatus": 0
}
[INFO ] 2023-05-28 13:18:41.888 [main] PetStoreAutomation -  user information displyed
]]></system-out>
  </testcase>
  <testcase name="testUpdateUserByName" classname="api.test.UserTests" time="2.775">
    <system-out><![CDATA[[INFO ] 2023-05-28 13:18:41.890 [main] PetStoreAutomation -  updating user information
HTTP/1.1 200 OK
Date: Sun, 28 May 2023 07:48:43 GMT
Content-Type: application/json
Transfer-Encoding: chunked
Connection: keep-alive
Access-Control-Allow-Origin: *
Access-Control-Allow-Methods: GET, POST, DELETE, PUT
Access-Control-Allow-Headers: Content-Type, api_key, Authorization
Server: Jetty(9.2.9.v20150224)

{
    "code": 200,
    "type": "unknown",
    "message": "854733477"
}
[INFO ] 2023-05-28 13:18:44.663 [main] PetStoreAutomation -  updated user information
]]></system-out>
  </testcase>
  <testcase name="testDeleteUserByName" classname="api.test.UserTests" time="1.402">
    <system-out><![CDATA[[INFO ] 2023-05-28 13:18:44.667 [main] PetStoreAutomation -  deleting user 
[INFO ] 2023-05-28 13:18:46.068 [main] PetStoreAutomation -  user deleted 
]]></system-out>
  </testcase>
</testsuite>