<?xml version="1.0" encoding="UTF-8"?>
<testng-results ignored="0" total="4" passed="4" failed="0" skipped="0">
  <reporter-output>
  </reporter-output>
  <suite started-at="2023-05-28T13:18:36 IST" name="Suite" finished-at="2023-05-28T13:18:46 IST" duration-ms="9666">
    <groups>
    </groups>
    <test started-at="2023-05-28T13:18:36 IST" name="Test" finished-at="2023-05-28T13:18:46 IST" duration-ms="9666">
      <class name="api.test.UserTests">
        <test-method is-config="true" signature="setup()[pri:0, instance:api.test.UserTests@4fb3ee4e]" started-at="2023-05-28T13:18:36 IST" name="setup" finished-at="2023-05-28T13:18:37 IST" duration-ms="672" status="PASS">
          <reporter-output>
          </reporter-output>
        </test-method> <!-- setup -->
        <test-method signature="testPostUser()[pri:1, instance:api.test.UserTests@4fb3ee4e]" started-at="2023-05-28T13:18:37 IST" name="testPostUser" finished-at="2023-05-28T13:18:40 IST" duration-ms="3038" status="PASS">
          <reporter-output>
          </reporter-output>
        </test-method> <!-- testPostUser -->
        <test-method signature="testGetUserByNmae()[pri:2, instance:api.test.UserTests@4fb3ee4e]" started-at="2023-05-28T13:18:40 IST" name="testGetUserByNmae" finished-at="2023-05-28T13:18:41 IST" duration-ms="1474" status="PASS">
          <reporter-output>
          </reporter-output>
        </test-method> <!-- testGetUserByNmae -->
        <test-method signature="testUpdateUserByName()[pri:3, instance:api.test.UserTests@4fb3ee4e]" started-at="2023-05-28T13:18:41 IST" name="testUpdateUserByName" finished-at="2023-05-28T13:18:44 IST" duration-ms="2775" status="PASS">
          <reporter-output>
          </reporter-output>
        </test-method> <!-- testUpdateUserByName -->
        <test-method signature="testDeleteUserByName()[pri:4, instance:api.test.UserTests@4fb3ee4e]" started-at="2023-05-28T13:18:44 IST" name="testDeleteUserByName" finished-at="2023-05-28T13:18:46 IST" duration-ms="1402" status="PASS">
          <reporter-output>
          </reporter-output>
        </test-method> <!-- testDeleteUserByName -->
      </class> <!-- api.test.UserTests -->
    </test> <!-- Test -->
  </suite> <!-- Suite -->
</testng-results>
