<?xml version="1.0" encoding="UTF-8"?>
<testng-results ignored="0" total="4" passed="4" failed="0" skipped="0">
  <reporter-output>
  </reporter-output>
  <suite started-at="2023-05-04T10:51:15 IST" name="Suite" finished-at="2023-05-04T10:51:25 IST" duration-ms="9592">
    <groups>
    </groups>
    <test started-at="2023-05-04T10:51:15 IST" name="Test" finished-at="2023-05-04T10:51:25 IST" duration-ms="9592">
      <class name="api.test.UserTests">
        <test-method is-config="true" signature="setup()[pri:0, instance:api.test.UserTests@2dc54ad4]" started-at="2023-05-04T10:51:15 IST" name="setup" finished-at="2023-05-04T10:51:16 IST" duration-ms="935" status="PASS">
          <reporter-output>
          </reporter-output>
        </test-method> <!-- setup -->
        <test-method signature="testPostUser()[pri:1, instance:api.test.UserTests@2dc54ad4]" started-at="2023-05-04T10:51:16 IST" name="testPostUser" finished-at="2023-05-04T10:51:20 IST" duration-ms="3611" status="PASS">
          <reporter-output>
          </reporter-output>
        </test-method> <!-- testPostUser -->
        <test-method signature="testGetUserByNmae()[pri:2, instance:api.test.UserTests@2dc54ad4]" started-at="2023-05-04T10:51:20 IST" name="testGetUserByNmae" finished-at="2023-05-04T10:51:21 IST" duration-ms="1183" status="PASS">
          <reporter-output>
          </reporter-output>
        </test-method> <!-- testGetUserByNmae -->
        <test-method signature="testUpdateUserByName()[pri:3, instance:api.test.UserTests@2dc54ad4]" started-at="2023-05-04T10:51:21 IST" name="testUpdateUserByName" finished-at="2023-05-04T10:51:23 IST" duration-ms="2309" status="PASS">
          <reporter-output>
          </reporter-output>
        </test-method> <!-- testUpdateUserByName -->
        <test-method signature="testDeleteUserByName()[pri:4, instance:api.test.UserTests@2dc54ad4]" started-at="2023-05-04T10:51:23 IST" name="testDeleteUserByName" finished-at="2023-05-04T10:51:25 IST" duration-ms="1134" status="PASS">
          <reporter-output>
          </reporter-output>
        </test-method> <!-- testDeleteUserByName -->
      </class> <!-- api.test.UserTests -->
    </test> <!-- Test -->
  </suite> <!-- Suite -->
</testng-results>
