<?xml version="1.0" encoding="UTF-8"?>
<testng-results ignored="0" total="4" passed="4" failed="0" skipped="0">
  <reporter-output>
  </reporter-output>
  <suite started-at="2023-05-03T14:07:25 IST" name="Suite" finished-at="2023-05-03T14:07:34 IST" duration-ms="8296">
    <groups>
    </groups>
    <test started-at="2023-05-03T14:07:25 IST" name="Test" finished-at="2023-05-03T14:07:34 IST" duration-ms="8296">
      <class name="api.test.UserTests">
        <test-method is-config="true" signature="setup()[pri:0, instance:api.test.UserTests@3a44431a]" started-at="2023-05-03T14:07:26 IST" name="setup" finished-at="2023-05-03T14:07:26 IST" duration-ms="640" status="PASS">
          <reporter-output>
          </reporter-output>
        </test-method> <!-- setup -->
        <test-method signature="testPostUser()[pri:1, instance:api.test.UserTests@3a44431a]" started-at="2023-05-03T14:07:26 IST" name="testPostUser" finished-at="2023-05-03T14:07:29 IST" duration-ms="2700" status="PASS">
          <reporter-output>
          </reporter-output>
        </test-method> <!-- testPostUser -->
        <test-method signature="testGetUserByNmae()[pri:2, instance:api.test.UserTests@3a44431a]" started-at="2023-05-03T14:07:29 IST" name="testGetUserByNmae" finished-at="2023-05-03T14:07:30 IST" duration-ms="1177" status="PASS">
          <reporter-output>
          </reporter-output>
        </test-method> <!-- testGetUserByNmae -->
        <test-method signature="testUpdateUserByName()[pri:3, instance:api.test.UserTests@3a44431a]" started-at="2023-05-03T14:07:30 IST" name="testUpdateUserByName" finished-at="2023-05-03T14:07:33 IST" duration-ms="2322" status="PASS">
          <reporter-output>
          </reporter-output>
        </test-method> <!-- testUpdateUserByName -->
        <test-method signature="testDeleteUserByName()[pri:4, instance:api.test.UserTests@3a44431a]" started-at="2023-05-03T14:07:33 IST" name="testDeleteUserByName" finished-at="2023-05-03T14:07:34 IST" duration-ms="1140" status="PASS">
          <reporter-output>
          </reporter-output>
        </test-method> <!-- testDeleteUserByName -->
      </class> <!-- api.test.UserTests -->
    </test> <!-- Test -->
  </suite> <!-- Suite -->
</testng-results>
